<?xml version="1.0" encoding="UTF-8"?>
<testsuite xmlns:xsi="http://www.w3.org/2001/XMLSchema-instance" xsi:noNamespaceSchemaLocation="https://maven.apache.org/surefire/maven-surefire-plugin/xsd/surefire-test-report.xsd" name="com.java.security.securityTest" time="6.624" tests="1" errors="0" skipped="0" failures="0">
  <properties>
    <property name="sun.desktop" value="windows"/>
    <property name="awt.toolkit" value="sun.awt.windows.WToolkit"/>
    <property name="file.encoding.pkg" value="sun.io"/>
    <property name="java.specification.version" value="1.8"/>
    <property name="sun.cpu.isalist" value="amd64"/>
    <property name="sun.jnu.encoding" value="GBK"/>
    <property name="java.class.path" value="E:\Idea\IdeaProjects\health_parent\springsecurity\target\test-classes;E:\Idea\IdeaProjects\health_parent\springsecurity\target\classes;E:\JAVA\apache-maven-3.8.3\maven-repository\org\springframework\boot\spring-boot-starter-web\2.2.8.RELEASE\spring-boot-starter-web-2.2.8.RELEASE.jar;E:\JAVA\apache-maven-3.8.3\maven-repository\org\springframework\boot\spring-boot-starter\2.2.8.RELEASE\spring-boot-starter-2.2.8.RELEASE.jar;E:\JAVA\apache-maven-3.8.3\maven-repository\org\springframework\boot\spring-boot\2.2.8.RELEASE\spring-boot-2.2.8.RELEASE.jar;E:\JAVA\apache-maven-3.8.3\maven-repository\org\springframework\boot\spring-boot-autoconfigure\2.2.8.RELEASE\spring-boot-autoconfigure-2.2.8.RELEASE.jar;E:\JAVA\apache-maven-3.8.3\maven-repository\org\springframework\boot\spring-boot-starter-logging\2.2.8.RELEASE\spring-boot-starter-logging-2.2.8.RELEASE.jar;E:\JAVA\apache-maven-3.8.3\maven-repository\ch\qos\logback\logback-classic\1.2.3\logback-classic-1.2.3.jar;E:\JAVA\apache-maven-3.8.3\maven-repository\ch\qos\logback\logback-core\1.2.3\logback-core-1.2.3.jar;E:\JAVA\apache-maven-3.8.3\maven-repository\org\apache\logging\log4j\log4j-to-slf4j\2.12.1\log4j-to-slf4j-2.12.1.jar;E:\JAVA\apache-maven-3.8.3\maven-repository\org\apache\logging\log4j\log4j-api\2.12.1\log4j-api-2.12.1.jar;E:\JAVA\apache-maven-3.8.3\maven-repository\org\slf4j\jul-to-slf4j\1.7.30\jul-to-slf4j-1.7.30.jar;E:\JAVA\apache-maven-3.8.3\maven-repository\jakarta\annotation\jakarta.annotation-api\1.3.5\jakarta.annotation-api-1.3.5.jar;E:\JAVA\apache-maven-3.8.3\maven-repository\org\yaml\snakeyaml\1.25\snakeyaml-1.25.jar;E:\JAVA\apache-maven-3.8.3\maven-repository\org\springframework\boot\spring-boot-starter-json\2.2.8.RELEASE\spring-boot-starter-json-2.2.8.RELEASE.jar;E:\JAVA\apache-maven-3.8.3\maven-repository\com\fasterxml\jackson\core\jackson-databind\2.10.4\jackson-databind-2.10.4.jar;E:\JAVA\apache-maven-3.8.3\maven-repository\com\fasterxml\jackson\core\jackson-annotations\2.10.4\jackson-annotations-2.10.4.jar;E:\JAVA\apache-maven-3.8.3\maven-repository\com\fasterxml\jackson\core\jackson-core\2.10.4\jackson-core-2.10.4.jar;E:\JAVA\apache-maven-3.8.3\maven-repository\com\fasterxml\jackson\datatype\jackson-datatype-jdk8\2.10.4\jackson-datatype-jdk8-2.10.4.jar;E:\JAVA\apache-maven-3.8.3\maven-repository\com\fasterxml\jackson\datatype\jackson-datatype-jsr310\2.10.4\jackson-datatype-jsr310-2.10.4.jar;E:\JAVA\apache-maven-3.8.3\maven-repository\com\fasterxml\jackson\module\jackson-module-parameter-names\2.10.4\jackson-module-parameter-names-2.10.4.jar;E:\JAVA\apache-maven-3.8.3\maven-repository\org\springframework\boot\spring-boot-starter-tomcat\2.2.8.RELEASE\spring-boot-starter-tomcat-2.2.8.RELEASE.jar;E:\JAVA\apache-maven-3.8.3\maven-repository\org\apache\tomcat\embed\tomcat-embed-core\9.0.36\tomcat-embed-core-9.0.36.jar;E:\JAVA\apache-maven-3.8.3\maven-repository\org\apache\tomcat\embed\tomcat-embed-el\9.0.36\tomcat-embed-el-9.0.36.jar;E:\JAVA\apache-maven-3.8.3\maven-repository\org\apache\tomcat\embed\tomcat-embed-websocket\9.0.36\tomcat-embed-websocket-9.0.36.jar;E:\JAVA\apache-maven-3.8.3\maven-repository\org\springframework\boot\spring-boot-starter-validation\2.2.8.RELEASE\spring-boot-starter-validation-2.2.8.RELEASE.jar;E:\JAVA\apache-maven-3.8.3\maven-repository\jakarta\validation\jakarta.validation-api\2.0.2\jakarta.validation-api-2.0.2.jar;E:\JAVA\apache-maven-3.8.3\maven-repository\org\hibernate\validator\hibernate-validator\6.0.20.Final\hibernate-validator-6.0.20.Final.jar;E:\JAVA\apache-maven-3.8.3\maven-repository\org\jboss\logging\jboss-logging\3.4.1.Final\jboss-logging-3.4.1.Final.jar;E:\JAVA\apache-maven-3.8.3\maven-repository\com\fasterxml\classmate\1.5.1\classmate-1.5.1.jar;E:\JAVA\apache-maven-3.8.3\maven-repository\org\springframework\spring-web\5.2.7.RELEASE\spring-web-5.2.7.RELEASE.jar;E:\JAVA\apache-maven-3.8.3\maven-repository\org\springframework\spring-beans\5.2.7.RELEASE\spring-beans-5.2.7.RELEASE.jar;E:\JAVA\apache-maven-3.8.3\maven-repository\org\springframework\spring-webmvc\5.2.7.RELEASE\spring-webmvc-5.2.7.RELEASE.jar;E:\JAVA\apache-maven-3.8.3\maven-repository\org\springframework\spring-context\5.2.7.RELEASE\spring-context-5.2.7.RELEASE.jar;E:\JAVA\apache-maven-3.8.3\maven-repository\org\springframework\spring-expression\5.2.7.RELEASE\spring-expression-5.2.7.RELEASE.jar;E:\JAVA\apache-maven-3.8.3\maven-repository\org\springframework\boot\spring-boot-starter-security\2.2.8.RELEASE\spring-boot-starter-security-2.2.8.RELEASE.jar;E:\JAVA\apache-maven-3.8.3\maven-repository\org\springframework\spring-aop\5.2.7.RELEASE\spring-aop-5.2.7.RELEASE.jar;E:\JAVA\apache-maven-3.8.3\maven-repository\org\springframework\security\spring-security-config\5.2.5.RELEASE\spring-security-config-5.2.5.RELEASE.jar;E:\JAVA\apache-maven-3.8.3\maven-repository\org\springframework\security\spring-security-core\5.2.5.RELEASE\spring-security-core-5.2.5.RELEASE.jar;E:\JAVA\apache-maven-3.8.3\maven-repository\org\springframework\security\spring-security-web\5.2.5.RELEASE\spring-security-web-5.2.5.RELEASE.jar;E:\JAVA\apache-maven-3.8.3\maven-repository\mysql\mysql-connector-java\5.1.47\mysql-connector-java-5.1.47.jar;E:\JAVA\apache-maven-3.8.3\maven-repository\org\mybatis\spring\boot\mybatis-spring-boot-starter\1.3.2\mybatis-spring-boot-starter-1.3.2.jar;E:\JAVA\apache-maven-3.8.3\maven-repository\org\springframework\boot\spring-boot-starter-jdbc\2.2.8.RELEASE\spring-boot-starter-jdbc-2.2.8.RELEASE.jar;E:\JAVA\apache-maven-3.8.3\maven-repository\com\zaxxer\HikariCP\3.4.5\HikariCP-3.4.5.jar;E:\JAVA\apache-maven-3.8.3\maven-repository\org\springframework\spring-jdbc\5.2.7.RELEASE\spring-jdbc-5.2.7.RELEASE.jar;E:\JAVA\apache-maven-3.8.3\maven-repository\org\springframework\spring-tx\5.2.7.RELEASE\spring-tx-5.2.7.RELEASE.jar;E:\JAVA\apache-maven-3.8.3\maven-repository\org\mybatis\spring\boot\mybatis-spring-boot-autoconfigure\1.3.2\mybatis-spring-boot-autoconfigure-1.3.2.jar;E:\JAVA\apache-maven-3.8.3\maven-repository\org\mybatis\mybatis\3.4.6\mybatis-3.4.6.jar;E:\JAVA\apache-maven-3.8.3\maven-repository\org\mybatis\mybatis-spring\1.3.2\mybatis-spring-1.3.2.jar;E:\JAVA\apache-maven-3.8.3\maven-repository\org\springframework\boot\spring-boot-starter-test\2.2.8.RELEASE\spring-boot-starter-test-2.2.8.RELEASE.jar;E:\JAVA\apache-maven-3.8.3\maven-repository\org\springframework\boot\spring-boot-test\2.2.8.RELEASE\spring-boot-test-2.2.8.RELEASE.jar;E:\JAVA\apache-maven-3.8.3\maven-repository\org\springframework\boot\spring-boot-test-autoconfigure\2.2.8.RELEASE\spring-boot-test-autoconfigure-2.2.8.RELEASE.jar;E:\JAVA\apache-maven-3.8.3\maven-repository\com\jayway\jsonpath\json-path\2.4.0\json-path-2.4.0.jar;E:\JAVA\apache-maven-3.8.3\maven-repository\net\minidev\json-smart\2.3\json-smart-2.3.jar;E:\JAVA\apache-maven-3.8.3\maven-repository\net\minidev\accessors-smart\1.2\accessors-smart-1.2.jar;E:\JAVA\apache-maven-3.8.3\maven-repository\org\ow2\asm\asm\5.0.4\asm-5.0.4.jar;E:\JAVA\apache-maven-3.8.3\maven-repository\org\slf4j\slf4j-api\1.7.30\slf4j-api-1.7.30.jar;E:\JAVA\apache-maven-3.8.3\maven-repository\jakarta\xml\bind\jakarta.xml.bind-api\2.3.3\jakarta.xml.bind-api-2.3.3.jar;E:\JAVA\apache-maven-3.8.3\maven-repository\jakarta\activation\jakarta.activation-api\1.2.2\jakarta.activation-api-1.2.2.jar;E:\JAVA\apache-maven-3.8.3\maven-repository\org\junit\jupiter\junit-jupiter\5.5.2\junit-jupiter-5.5.2.jar;E:\JAVA\apache-maven-3.8.3\maven-repository\org\junit\jupiter\junit-jupiter-api\5.5.2\junit-jupiter-api-5.5.2.jar;E:\JAVA\apache-maven-3.8.3\maven-repository\org\apiguardian\apiguardian-api\1.1.0\apiguardian-api-1.1.0.jar;E:\JAVA\apache-maven-3.8.3\maven-repository\org\opentest4j\opentest4j\1.2.0\opentest4j-1.2.0.jar;E:\JAVA\apache-maven-3.8.3\maven-repository\org\junit\platform\junit-platform-commons\1.5.2\junit-platform-commons-1.5.2.jar;E:\JAVA\apache-maven-3.8.3\maven-repository\org\junit\jupiter\junit-jupiter-params\5.5.2\junit-jupiter-params-5.5.2.jar;E:\JAVA\apache-maven-3.8.3\maven-repository\org\junit\jupiter\junit-jupiter-engine\5.5.2\junit-jupiter-engine-5.5.2.jar;E:\JAVA\apache-maven-3.8.3\maven-repository\org\junit\platform\junit-platform-engine\1.5.2\junit-platform-engine-1.5.2.jar;E:\JAVA\apache-maven-3.8.3\maven-repository\org\mockito\mockito-junit-jupiter\3.1.0\mockito-junit-jupiter-3.1.0.jar;E:\JAVA\apache-maven-3.8.3\maven-repository\org\assertj\assertj-core\3.13.2\assertj-core-3.13.2.jar;E:\JAVA\apache-maven-3.8.3\maven-repository\org\hamcrest\hamcrest\2.1\hamcrest-2.1.jar;E:\JAVA\apache-maven-3.8.3\maven-repository\org\mockito\mockito-core\3.1.0\mockito-core-3.1.0.jar;E:\JAVA\apache-maven-3.8.3\maven-repository\net\bytebuddy\byte-buddy\1.10.11\byte-buddy-1.10.11.jar;E:\JAVA\apache-maven-3.8.3\maven-repository\net\bytebuddy\byte-buddy-agent\1.10.11\byte-buddy-agent-1.10.11.jar;E:\JAVA\apache-maven-3.8.3\maven-repository\org\objenesis\objenesis\2.6\objenesis-2.6.jar;E:\JAVA\apache-maven-3.8.3\maven-repository\org\skyscreamer\jsonassert\1.5.0\jsonassert-1.5.0.jar;E:\JAVA\apache-maven-3.8.3\maven-repository\com\vaadin\external\google\android-json\0.0.20131108.vaadin1\android-json-0.0.20131108.vaadin1.jar;E:\JAVA\apache-maven-3.8.3\maven-repository\org\springframework\spring-core\5.2.7.RELEASE\spring-core-5.2.7.RELEASE.jar;E:\JAVA\apache-maven-3.8.3\maven-repository\org\springframework\spring-jcl\5.2.7.RELEASE\spring-jcl-5.2.7.RELEASE.jar;E:\JAVA\apache-maven-3.8.3\maven-repository\org\springframework\spring-test\5.2.7.RELEASE\spring-test-5.2.7.RELEASE.jar;E:\JAVA\apache-maven-3.8.3\maven-repository\org\xmlunit\xmlunit-core\2.6.4\xmlunit-core-2.6.4.jar;"/>
    <property name="java.vm.vendor" value="Oracle Corporation"/>
    <property name="sun.arch.data.model" value="64"/>
    <property name="user.variant" value=""/>
    <property name="java.vendor.url" value="http://java.oracle.com/"/>
    <property name="user.timezone" value="Asia/Shanghai"/>
    <property name="java.vm.specification.version" value="1.8"/>
    <property name="os.name" value="Windows 10"/>
    <property name="user.country" value="CN"/>
    <property name="sun.java.launcher" value="SUN_STANDARD"/>
    <property name="sun.boot.library.path" value="E:\JAVA\jdk1.8.0_131\jre\bin"/>
    <property name="sun.java.command" value="C:\Users\ASUS\AppData\Local\Temp\surefire3229093306068296793\surefirebooter8650357704010028825.jar C:\Users\ASUS\AppData\Local\Temp\surefire3229093306068296793 2022-08-25T19-41-22_028-jvmRun1 surefire3105883074153789350tmp surefire_24610545841004427134tmp"/>
    <property name="surefire.test.class.path" value="E:\Idea\IdeaProjects\health_parent\springsecurity\target\test-classes;E:\Idea\IdeaProjects\health_parent\springsecurity\target\classes;E:\JAVA\apache-maven-3.8.3\maven-repository\org\springframework\boot\spring-boot-starter-web\2.2.8.RELEASE\spring-boot-starter-web-2.2.8.RELEASE.jar;E:\JAVA\apache-maven-3.8.3\maven-repository\org\springframework\boot\spring-boot-starter\2.2.8.RELEASE\spring-boot-starter-2.2.8.RELEASE.jar;E:\JAVA\apache-maven-3.8.3\maven-repository\org\springframework\boot\spring-boot\2.2.8.RELEASE\spring-boot-2.2.8.RELEASE.jar;E:\JAVA\apache-maven-3.8.3\maven-repository\org\springframework\boot\spring-boot-autoconfigure\2.2.8.RELEASE\spring-boot-autoconfigure-2.2.8.RELEASE.jar;E:\JAVA\apache-maven-3.8.3\maven-repository\org\springframework\boot\spring-boot-starter-logging\2.2.8.RELEASE\spring-boot-starter-logging-2.2.8.RELEASE.jar;E:\JAVA\apache-maven-3.8.3\maven-repository\ch\qos\logback\logback-classic\1.2.3\logback-classic-1.2.3.jar;E:\JAVA\apache-maven-3.8.3\maven-repository\ch\qos\logback\logback-core\1.2.3\logback-core-1.2.3.jar;E:\JAVA\apache-maven-3.8.3\maven-repository\org\apache\logging\log4j\log4j-to-slf4j\2.12.1\log4j-to-slf4j-2.12.1.jar;E:\JAVA\apache-maven-3.8.3\maven-repository\org\apache\logging\log4j\log4j-api\2.12.1\log4j-api-2.12.1.jar;E:\JAVA\apache-maven-3.8.3\maven-repository\org\slf4j\jul-to-slf4j\1.7.30\jul-to-slf4j-1.7.30.jar;E:\JAVA\apache-maven-3.8.3\maven-repository\jakarta\annotation\jakarta.annotation-api\1.3.5\jakarta.annotation-api-1.3.5.jar;E:\JAVA\apache-maven-3.8.3\maven-repository\org\yaml\snakeyaml\1.25\snakeyaml-1.25.jar;E:\JAVA\apache-maven-3.8.3\maven-repository\org\springframework\boot\spring-boot-starter-json\2.2.8.RELEASE\spring-boot-starter-json-2.2.8.RELEASE.jar;E:\JAVA\apache-maven-3.8.3\maven-repository\com\fasterxml\jackson\core\jackson-databind\2.10.4\jackson-databind-2.10.4.jar;E:\JAVA\apache-maven-3.8.3\maven-repository\com\fasterxml\jackson\core\jackson-annotations\2.10.4\jackson-annotations-2.10.4.jar;E:\JAVA\apache-maven-3.8.3\maven-repository\com\fasterxml\jackson\core\jackson-core\2.10.4\jackson-core-2.10.4.jar;E:\JAVA\apache-maven-3.8.3\maven-repository\com\fasterxml\jackson\datatype\jackson-datatype-jdk8\2.10.4\jackson-datatype-jdk8-2.10.4.jar;E:\JAVA\apache-maven-3.8.3\maven-repository\com\fasterxml\jackson\datatype\jackson-datatype-jsr310\2.10.4\jackson-datatype-jsr310-2.10.4.jar;E:\JAVA\apache-maven-3.8.3\maven-repository\com\fasterxml\jackson\module\jackson-module-parameter-names\2.10.4\jackson-module-parameter-names-2.10.4.jar;E:\JAVA\apache-maven-3.8.3\maven-repository\org\springframework\boot\spring-boot-starter-tomcat\2.2.8.RELEASE\spring-boot-starter-tomcat-2.2.8.RELEASE.jar;E:\JAVA\apache-maven-3.8.3\maven-repository\org\apache\tomcat\embed\tomcat-embed-core\9.0.36\tomcat-embed-core-9.0.36.jar;E:\JAVA\apache-maven-3.8.3\maven-repository\org\apache\tomcat\embed\tomcat-embed-el\9.0.36\tomcat-embed-el-9.0.36.jar;E:\JAVA\apache-maven-3.8.3\maven-repository\org\apache\tomcat\embed\tomcat-embed-websocket\9.0.36\tomcat-embed-websocket-9.0.36.jar;E:\JAVA\apache-maven-3.8.3\maven-repository\org\springframework\boot\spring-boot-starter-validation\2.2.8.RELEASE\spring-boot-starter-validation-2.2.8.RELEASE.jar;E:\JAVA\apache-maven-3.8.3\maven-repository\jakarta\validation\jakarta.validation-api\2.0.2\jakarta.validation-api-2.0.2.jar;E:\JAVA\apache-maven-3.8.3\maven-repository\org\hibernate\validator\hibernate-validator\6.0.20.Final\hibernate-validator-6.0.20.Final.jar;E:\JAVA\apache-maven-3.8.3\maven-repository\org\jboss\logging\jboss-logging\3.4.1.Final\jboss-logging-3.4.1.Final.jar;E:\JAVA\apache-maven-3.8.3\maven-repository\com\fasterxml\classmate\1.5.1\classmate-1.5.1.jar;E:\JAVA\apache-maven-3.8.3\maven-repository\org\springframework\spring-web\5.2.7.RELEASE\spring-web-5.2.7.RELEASE.jar;E:\JAVA\apache-maven-3.8.3\maven-repository\org\springframework\spring-beans\5.2.7.RELEASE\spring-beans-5.2.7.RELEASE.jar;E:\JAVA\apache-maven-3.8.3\maven-repository\org\springframework\spring-webmvc\5.2.7.RELEASE\spring-webmvc-5.2.7.RELEASE.jar;E:\JAVA\apache-maven-3.8.3\maven-repository\org\springframework\spring-context\5.2.7.RELEASE\spring-context-5.2.7.RELEASE.jar;E:\JAVA\apache-maven-3.8.3\maven-repository\org\springframework\spring-expression\5.2.7.RELEASE\spring-expression-5.2.7.RELEASE.jar;E:\JAVA\apache-maven-3.8.3\maven-repository\org\springframework\boot\spring-boot-starter-security\2.2.8.RELEASE\spring-boot-starter-security-2.2.8.RELEASE.jar;E:\JAVA\apache-maven-3.8.3\maven-repository\org\springframework\spring-aop\5.2.7.RELEASE\spring-aop-5.2.7.RELEASE.jar;E:\JAVA\apache-maven-3.8.3\maven-repository\org\springframework\security\spring-security-config\5.2.5.RELEASE\spring-security-config-5.2.5.RELEASE.jar;E:\JAVA\apache-maven-3.8.3\maven-repository\org\springframework\security\spring-security-core\5.2.5.RELEASE\spring-security-core-5.2.5.RELEASE.jar;E:\JAVA\apache-maven-3.8.3\maven-repository\org\springframework\security\spring-security-web\5.2.5.RELEASE\spring-security-web-5.2.5.RELEASE.jar;E:\JAVA\apache-maven-3.8.3\maven-repository\mysql\mysql-connector-java\5.1.47\mysql-connector-java-5.1.47.jar;E:\JAVA\apache-maven-3.8.3\maven-repository\org\mybatis\spring\boot\mybatis-spring-boot-starter\1.3.2\mybatis-spring-boot-starter-1.3.2.jar;E:\JAVA\apache-maven-3.8.3\maven-repository\org\springframework\boot\spring-boot-starter-jdbc\2.2.8.RELEASE\spring-boot-starter-jdbc-2.2.8.RELEASE.jar;E:\JAVA\apache-maven-3.8.3\maven-repository\com\zaxxer\HikariCP\3.4.5\HikariCP-3.4.5.jar;E:\JAVA\apache-maven-3.8.3\maven-repository\org\springframework\spring-jdbc\5.2.7.RELEASE\spring-jdbc-5.2.7.RELEASE.jar;E:\JAVA\apache-maven-3.8.3\maven-repository\org\springframework\spring-tx\5.2.7.RELEASE\spring-tx-5.2.7.RELEASE.jar;E:\JAVA\apache-maven-3.8.3\maven-repository\org\mybatis\spring\boot\mybatis-spring-boot-autoconfigure\1.3.2\mybatis-spring-boot-autoconfigure-1.3.2.jar;E:\JAVA\apache-maven-3.8.3\maven-repository\org\mybatis\mybatis\3.4.6\mybatis-3.4.6.jar;E:\JAVA\apache-maven-3.8.3\maven-repository\org\mybatis\mybatis-spring\1.3.2\mybatis-spring-1.3.2.jar;E:\JAVA\apache-maven-3.8.3\maven-repository\org\springframework\boot\spring-boot-starter-test\2.2.8.RELEASE\spring-boot-starter-test-2.2.8.RELEASE.jar;E:\JAVA\apache-maven-3.8.3\maven-repository\org\springframework\boot\spring-boot-test\2.2.8.RELEASE\spring-boot-test-2.2.8.RELEASE.jar;E:\JAVA\apache-maven-3.8.3\maven-repository\org\springframework\boot\spring-boot-test-autoconfigure\2.2.8.RELEASE\spring-boot-test-autoconfigure-2.2.8.RELEASE.jar;E:\JAVA\apache-maven-3.8.3\maven-repository\com\jayway\jsonpath\json-path\2.4.0\json-path-2.4.0.jar;E:\JAVA\apache-maven-3.8.3\maven-repository\net\minidev\json-smart\2.3\json-smart-2.3.jar;E:\JAVA\apache-maven-3.8.3\maven-repository\net\minidev\accessors-smart\1.2\accessors-smart-1.2.jar;E:\JAVA\apache-maven-3.8.3\maven-repository\org\ow2\asm\asm\5.0.4\asm-5.0.4.jar;E:\JAVA\apache-maven-3.8.3\maven-repository\org\slf4j\slf4j-api\1.7.30\slf4j-api-1.7.30.jar;E:\JAVA\apache-maven-3.8.3\maven-repository\jakarta\xml\bind\jakarta.xml.bind-api\2.3.3\jakarta.xml.bind-api-2.3.3.jar;E:\JAVA\apache-maven-3.8.3\maven-repository\jakarta\activation\jakarta.activation-api\1.2.2\jakarta.activation-api-1.2.2.jar;E:\JAVA\apache-maven-3.8.3\maven-repository\org\junit\jupiter\junit-jupiter\5.5.2\junit-jupiter-5.5.2.jar;E:\JAVA\apache-maven-3.8.3\maven-repository\org\junit\jupiter\junit-jupiter-api\5.5.2\junit-jupiter-api-5.5.2.jar;E:\JAVA\apache-maven-3.8.3\maven-repository\org\apiguardian\apiguardian-api\1.1.0\apiguardian-api-1.1.0.jar;E:\JAVA\apache-maven-3.8.3\maven-repository\org\opentest4j\opentest4j\1.2.0\opentest4j-1.2.0.jar;E:\JAVA\apache-maven-3.8.3\maven-repository\org\junit\platform\junit-platform-commons\1.5.2\junit-platform-commons-1.5.2.jar;E:\JAVA\apache-maven-3.8.3\maven-repository\org\junit\jupiter\junit-jupiter-params\5.5.2\junit-jupiter-params-5.5.2.jar;E:\JAVA\apache-maven-3.8.3\maven-repository\org\junit\jupiter\junit-jupiter-engine\5.5.2\junit-jupiter-engine-5.5.2.jar;E:\JAVA\apache-maven-3.8.3\maven-repository\org\junit\platform\junit-platform-engine\1.5.2\junit-platform-engine-1.5.2.jar;E:\JAVA\apache-maven-3.8.3\maven-repository\org\mockito\mockito-junit-jupiter\3.1.0\mockito-junit-jupiter-3.1.0.jar;E:\JAVA\apache-maven-3.8.3\maven-repository\org\assertj\assertj-core\3.13.2\assertj-core-3.13.2.jar;E:\JAVA\apache-maven-3.8.3\maven-repository\org\hamcrest\hamcrest\2.1\hamcrest-2.1.jar;E:\JAVA\apache-maven-3.8.3\maven-repository\org\mockito\mockito-core\3.1.0\mockito-core-3.1.0.jar;E:\JAVA\apache-maven-3.8.3\maven-repository\net\bytebuddy\byte-buddy\1.10.11\byte-buddy-1.10.11.jar;E:\JAVA\apache-maven-3.8.3\maven-repository\net\bytebuddy\byte-buddy-agent\1.10.11\byte-buddy-agent-1.10.11.jar;E:\JAVA\apache-maven-3.8.3\maven-repository\org\objenesis\objenesis\2.6\objenesis-2.6.jar;E:\JAVA\apache-maven-3.8.3\maven-repository\org\skyscreamer\jsonassert\1.5.0\jsonassert-1.5.0.jar;E:\JAVA\apache-maven-3.8.3\maven-repository\com\vaadin\external\google\android-json\0.0.20131108.vaadin1\android-json-0.0.20131108.vaadin1.jar;E:\JAVA\apache-maven-3.8.3\maven-repository\org\springframework\spring-core\5.2.7.RELEASE\spring-core-5.2.7.RELEASE.jar;E:\JAVA\apache-maven-3.8.3\maven-repository\org\springframework\spring-jcl\5.2.7.RELEASE\spring-jcl-5.2.7.RELEASE.jar;E:\JAVA\apache-maven-3.8.3\maven-repository\org\springframework\spring-test\5.2.7.RELEASE\spring-test-5.2.7.RELEASE.jar;E:\JAVA\apache-maven-3.8.3\maven-repository\org\xmlunit\xmlunit-core\2.6.4\xmlunit-core-2.6.4.jar;"/>
    <property name="sun.cpu.endian" value="little"/>
    <property name="user.home" value="C:\Users\ASUS"/>
    <property name="user.language" value="zh"/>
    <property name="java.specification.vendor" value="Oracle Corporation"/>
    <property name="java.home" value="E:\JAVA\jdk1.8.0_131\jre"/>
    <property name="basedir" value="E:\Idea\IdeaProjects\health_parent\springsecurity"/>
    <property name="file.separator" value="\"/>
    <property name="line.separator" value="&#10;"/>
    <property name="java.vm.specification.vendor" value="Oracle Corporation"/>
    <property name="java.specification.name" value="Java Platform API Specification"/>
    <property name="java.awt.graphicsenv" value="sun.awt.Win32GraphicsEnvironment"/>
    <property name="surefire.real.class.path" value="C:\Users\ASUS\AppData\Local\Temp\surefire3229093306068296793\surefirebooter8650357704010028825.jar"/>
    <property name="sun.boot.class.path" value="E:\JAVA\jdk1.8.0_131\jre\lib\resources.jar;E:\JAVA\jdk1.8.0_131\jre\lib\rt.jar;E:\JAVA\jdk1.8.0_131\jre\lib\sunrsasign.jar;E:\JAVA\jdk1.8.0_131\jre\lib\jsse.jar;E:\JAVA\jdk1.8.0_131\jre\lib\jce.jar;E:\JAVA\jdk1.8.0_131\jre\lib\charsets.jar;E:\JAVA\jdk1.8.0_131\jre\lib\jfr.jar;E:\JAVA\jdk1.8.0_131\jre\classes"/>
    <property name="user.script" value=""/>
    <property name="sun.management.compiler" value="HotSpot 64-Bit Tiered Compilers"/>
    <property name="java.runtime.version" value="1.8.0_131-b11"/>
    <property name="user.name" value="ASUS"/>
    <property name="path.separator" value=";"/>
    <property name="os.version" value="10.0"/>
    <property name="java.endorsed.dirs" value="E:\JAVA\jdk1.8.0_131\jre\lib\endorsed"/>
    <property name="java.runtime.name" value="Java(TM) SE Runtime Environment"/>
    <property name="file.encoding" value="GBK"/>
    <property name="java.vm.name" value="Java HotSpot(TM) 64-Bit Server VM"/>
    <property name="localRepository" value="E:\JAVA\apache-maven-3.8.3\maven-repository"/>
    <property name="java.vendor.url.bug" value="http://bugreport.sun.com/bugreport/"/>
    <property name="java.io.tmpdir" value="C:\Users\ASUS\AppData\Local\Temp\"/>
    <property name="idea.version" value="2021.3.2"/>
    <property name="java.version" value="1.8.0_131"/>
    <property name="user.dir" value="E:\Idea\IdeaProjects\health_parent\springsecurity"/>
    <property name="os.arch" value="amd64"/>
    <property name="java.vm.specification.name" value="Java Virtual Machine Specification"/>
    <property name="java.awt.printerjob" value="sun.awt.windows.WPrinterJob"/>
    <property name="sun.os.patch.level" value=""/>
    <property name="java.library.path" value="E:\JAVA\jdk1.8.0_131\jre\bin;C:\Windows\Sun\Java\bin;C:\Windows\system32;C:\Windows;D:\Program Files (x86)\VMware\VMware Workstation\bin\;C:\Program Files (x86)\Common Files\Intel\Shared Libraries\redist\intel64\compiler;C:\Windows\system32;C:\Windows;C:\Windows\System32\Wbem;E:\JAVA\jdk1.8.0_131\bin;E:\JAVA\jdk1.8.0_131\jre\bin;C:\Windows\System32\WindowsPowerShell\v1.0\;C:\Windows\System32\OpenSSH\;E:\bandzip\Bandizip\;E:\JAVA\apache-tomcat-8.5.50\lib;E:\JAVA\apache-tomcat-8.5.50\bin;E:\JAVA\apache-tomcat-8.5.50\lib\servlet-api.jar;E:\JAVA\apache-maven-3.8.3\bin;C:\Program Files\MySQL\MySQL Server 5.7\bin;E:\Git\Git\cmd;E:\python\Scripts\;E:\python\;C:\Users\ASUS\AppData\Local\Microsoft\WindowsApps;E:\Microsoft VS Code\bin;."/>
    <property name="java.vm.info" value="mixed mode"/>
    <property name="java.vendor" value="Oracle Corporation"/>
    <property name="java.vm.version" value="25.131-b11"/>
    <property name="java.ext.dirs" value="E:\JAVA\jdk1.8.0_131\jre\lib\ext;C:\Windows\Sun\Java\lib\ext"/>
    <property name="sun.io.unicode.encoding" value="UnicodeLittle"/>
    <property name="maven.repo.local" value="E:\JAVA\apache-maven-3.8.3\maven-repository"/>
    <property name="java.class.version" value="52.0"/>
  </properties>
  <testcase name="addUser" classname="com.java.security.securityTest" time="0.85"/>
</testsuite>